<?xml version="1.0" encoding="UTF-8"?>
<!-- Generated by org.testng.reporters.JUnitReportReporter -->
<testsuite skipped="0" hostname="Shivs-MacBook-Pro.local" name="com.appiumtest.iOSTest" tests="1" failures="0" timestamp="13 Aug 2018 06:15:39 GMT" time="74.578" errors="0">
  <testcase name="testsample" time="74.578" classname="com.appiumtest.iOSTest"/>
</testsuite> <!-- com.appiumtest.iOSTest -->
